# JRE version: OpenJDK Runtime Environment Temurin-17.0.8.1+1 (17.0.8.1+1) (build 17.0.8.1+1)
# Java VM: OpenJDK 64-Bit Server VM Temurin-17.0.8.1+1 (17.0.8.1+1, mixed mode, tiered, compressed oops, compressed class ptrs, parallel gc, windows-amd64)
GC Precious Log:
 CPUs: 4 total, 4 available
 Memory: 8083M
 Large Page Support: Disabled
 NUMA Support: Disabled
 Compressed Oops: Enabled (32-bit)
 Alignments: Space 512K, Generation 512K, Heap 2M
 Heap Min Capacity: 100M
 Heap Initial Capacity: 100M
 Heap Max Capacity: 1G
 Pre-touch: Disabled
 Parallel Workers: 4
Heap:
 PSYoungGen      total 16896K, used 12297K [0x00000000eab00000, 0x00000000ebf80000, 0x0000000100000000)
  eden space 15360K, 76% used [0x00000000eab00000,0x00000000eb66a748,0x00000000eba00000)
  from space 1536K, 39% used [0x00000000ebd00000,0x00000000ebd98020,0x00000000ebe80000)
  to   space 1024K, 0% used [0x00000000ebe80000,0x00000000ebe80000,0x00000000ebf80000)
 ParOldGen       total 109568K, used 91485K [0x00000000c0000000, 0x00000000c6b00000, 0x00000000eab00000)
  object space 109568K, 83% used [0x00000000c0000000,0x00000000c59576e8,0x00000000c6b00000)
 Metaspace       used 74514K, committed 75776K, reserved 1179648K
  class space    used 7876K, committed 8448K, reserved 1048576K
GC Heap History (20 events):
Event: 18.253 GC heap before
{Heap before GC invocations=51 (full 5):
 PSYoungGen      total 18432K, used 5627K [0x00000000eab00000, 0x00000000ece80000, 0x0000000100000000)
  eden space 12800K, 0% used [0x00000000eab00000,0x00000000eab00000,0x00000000eb780000)
  from space 5632K, 99% used [0x00000000eba00000,0x00000000ebf7edd0,0x00000000ebf80000)
  to   space 11776K, 0% used [0x00000000ec300000,0x00000000ec300000,0x00000000ece80000)
 ParOldGen       total 92672K, used 88286K [0x00000000c0000000, 0x00000000c5a80000, 0x00000000eab00000)
  object space 92672K, 95% used [0x00000000c0000000,0x00000000c5637810,0x00000000c5a80000)
 Metaspace       used 67598K, committed 68736K, reserved 1114112K
  class space    used 7092K, committed 7616K, reserved 1048576K
}
Event: 18.343 GC heap after
{Heap after GC invocations=51 (full 5):
 PSYoungGen      total 24576K, used 0K [0x00000000eab00000, 0x00000000ed080000, 0x0000000100000000)
  eden space 12800K, 0% used [0x00000000eab00000,0x00000000eab00000,0x00000000eb780000)
  from space 11776K, 0% used [0x00000000ec300000,0x00000000ec300000,0x00000000ece80000)
  to   space 11776K, 0% used [0x00000000eb780000,0x00000000eb780000,0x00000000ec300000)
 ParOldGen       total 109568K, used 68380K [0x00000000c0000000, 0x00000000c6b00000, 0x00000000eab00000)
  object space 109568K, 62% used [0x00000000c0000000,0x00000000c42c72f0,0x00000000c6b00000)
 Metaspace       used 67598K, committed 68736K, reserved 1114112K
  class space    used 7092K, committed 7616K, reserved 1048576K
}
Event: 18.370 GC heap before
{Heap before GC invocations=52 (full 5):
 PSYoungGen      total 24576K, used 12800K [0x00000000eab00000, 0x00000000ed080000, 0x0000000100000000)
  eden space 12800K, 100% used [0x00000000eab00000,0x00000000eb780000,0x00000000eb780000)
  from space 11776K, 0% used [0x00000000ec300000,0x00000000ec300000,0x00000000ece80000)
  to   space 11776K, 0% used [0x00000000eb780000,0x00000000eb780000,0x00000000ec300000)
 ParOldGen       total 109568K, used 68380K [0x00000000c0000000, 0x00000000c6b00000, 0x00000000eab00000)
  object space 109568K, 62% used [0x00000000c0000000,0x00000000c42c72f0,0x00000000c6b00000)
 Metaspace       used 67665K, committed 68864K, reserved 1114112K
  class space    used 7099K, committed 7680K, reserved 1048576K
}
Event: 18.376 GC heap after
{Heap after GC invocations=52 (full 5):
 PSYoungGen      total 19968K, used 6944K [0x00000000eab00000, 0x00000000ec980000, 0x0000000100000000)
  eden space 12800K, 0% used [0x00000000eab00000,0x00000000eab00000,0x00000000eb780000)
  from space 7168K, 96% used [0x00000000eb780000,0x00000000ebe48000,0x00000000ebe80000)
  to   space 8192K, 0% used [0x00000000ec180000,0x00000000ec180000,0x00000000ec980000)
 ParOldGen       total 109568K, used 68380K [0x00000000c0000000, 0x00000000c6b00000, 0x00000000eab00000)
  object space 109568K, 62% used [0x00000000c0000000,0x00000000c42c72f0,0x00000000c6b00000)
 Metaspace       used 67665K, committed 68864K, reserved 1114112K
  class space    used 7099K, committed 7680K, reserved 1048576K
}
Event: 18.425 GC heap before
{Heap before GC invocations=53 (full 5):
 PSYoungGen      total 19968K, used 19744K [0x00000000eab00000, 0x00000000ec980000, 0x0000000100000000)
  eden space 12800K, 100% used [0x00000000eab00000,0x00000000eb780000,0x00000000eb780000)
  from space 7168K, 96% used [0x00000000eb780000,0x00000000ebe48000,0x00000000ebe80000)
  to   space 8192K, 0% used [0x00000000ec180000,0x00000000ec180000,0x00000000ec980000)
 ParOldGen       total 109568K, used 68380K [0x00000000c0000000, 0x00000000c6b00000, 0x00000000eab00000)
  object space 109568K, 62% used [0x00000000c0000000,0x00000000c42c72f0,0x00000000c6b00000)
 Metaspace       used 68014K, committed 69184K, reserved 1114112K
  class space    used 7130K, committed 7680K, reserved 1048576K
}
Event: 18.436 GC heap after
{Heap after GC invocations=53 (full 5):
 PSYoungGen      total 22528K, used 7360K [0x00000000eab00000, 0x00000000ec900000, 0x0000000100000000)
  eden space 14848K, 0% used [0x00000000eab00000,0x00000000eab00000,0x00000000eb980000)
  from space 7680K, 95% used [0x00000000ec180000,0x00000000ec8b0000,0x00000000ec900000)
  to   space 7680K, 0% used [0x00000000eba00000,0x00000000eba00000,0x00000000ec180000)
 ParOldGen       total 109568K, used 75268K [0x00000000c0000000, 0x00000000c6b00000, 0x00000000eab00000)
  object space 109568K, 68% used [0x00000000c0000000,0x00000000c49812f0,0x00000000c6b00000)
 Metaspace       used 68014K, committed 69184K, reserved 1114112K
  class space    used 7130K, committed 7680K, reserved 1048576K
}
Event: 18.594 GC heap before
{Heap before GC invocations=54 (full 5):
 PSYoungGen      total 22528K, used 22208K [0x00000000eab00000, 0x00000000ec900000, 0x0000000100000000)
  eden space 14848K, 100% used [0x00000000eab00000,0x00000000eb980000,0x00000000eb980000)
  from space 7680K, 95% used [0x00000000ec180000,0x00000000ec8b0000,0x00000000ec900000)
  to   space 7680K, 0% used [0x00000000eba00000,0x00000000eba00000,0x00000000ec180000)
 ParOldGen       total 109568K, used 75268K [0x00000000c0000000, 0x00000000c6b00000, 0x00000000eab00000)
  object space 109568K, 68% used [0x00000000c0000000,0x00000000c49812f0,0x00000000c6b00000)
 Metaspace       used 68993K, committed 70208K, reserved 1114112K
  class space    used 7292K, committed 7872K, reserved 1048576K
}
Event: 18.606 GC heap after
{Heap after GC invocations=54 (full 5):
 PSYoungGen      total 19456K, used 3828K [0x00000000eab00000, 0x00000000ec680000, 0x0000000100000000)
  eden space 15360K, 0% used [0x00000000eab00000,0x00000000eab00000,0x00000000eba00000)
  from space 4096K, 93% used [0x00000000eba00000,0x00000000ebdbd1f8,0x00000000ebe00000)
  to   space 5632K, 0% used [0x00000000ec100000,0x00000000ec100000,0x00000000ec680000)
 ParOldGen       total 109568K, used 82588K [0x00000000c0000000, 0x00000000c6b00000, 0x00000000eab00000)
  object space 109568K, 75% used [0x00000000c0000000,0x00000000c50a7300,0x00000000c6b00000)
 Metaspace       used 68993K, committed 70208K, reserved 1114112K
  class space    used 7292K, committed 7872K, reserved 1048576K
}
Event: 344.892 GC heap before
{Heap before GC invocations=55 (full 5):
 PSYoungGen      total 19456K, used 19188K [0x00000000eab00000, 0x00000000ec680000, 0x0000000100000000)
  eden space 15360K, 100% used [0x00000000eab00000,0x00000000eba00000,0x00000000eba00000)
  from space 4096K, 93% used [0x00000000eba00000,0x00000000ebdbd1f8,0x00000000ebe00000)
  to   space 5632K, 0% used [0x00000000ec100000,0x00000000ec100000,0x00000000ec680000)
 ParOldGen       total 109568K, used 82588K [0x00000000c0000000, 0x00000000c6b00000, 0x00000000eab00000)
  object space 109568K, 75% used [0x00000000c0000000,0x00000000c50a7300,0x00000000c6b00000)
 Metaspace       used 69498K, committed 70720K, reserved 1114112K
  class space    used 7329K, committed 7872K, reserved 1048576K
}
Event: 344.897 GC heap after
{Heap after GC invocations=55 (full 5):
 PSYoungGen      total 15872K, used 352K [0x00000000eab00000, 0x00000000ec180000, 0x0000000100000000)
  eden space 15360K, 0% used [0x00000000eab00000,0x00000000eab00000,0x00000000eba00000)
  from space 512K, 68% used [0x00000000ec100000,0x00000000ec158000,0x00000000ec180000)
  to   space 2048K, 0% used [0x00000000ebd80000,0x00000000ebd80000,0x00000000ebf80000)
 ParOldGen       total 109568K, used 86252K [0x00000000c0000000, 0x00000000c6b00000, 0x00000000eab00000)
  object space 109568K, 78% used [0x00000000c0000000,0x00000000c543b300,0x00000000c6b00000)
 Metaspace       used 69498K, committed 70720K, reserved 1114112K
  class space    used 7329K, committed 7872K, reserved 1048576K
}
Event: 345.275 GC heap before
{Heap before GC invocations=56 (full 5):
 PSYoungGen      total 15872K, used 15712K [0x00000000eab00000, 0x00000000ec180000, 0x0000000100000000)
  eden space 15360K, 100% used [0x00000000eab00000,0x00000000eba00000,0x00000000eba00000)
  from space 512K, 68% used [0x00000000ec100000,0x00000000ec158000,0x00000000ec180000)
  to   space 2048K, 0% used [0x00000000ebd80000,0x00000000ebd80000,0x00000000ebf80000)
 ParOldGen       total 109568K, used 86252K [0x00000000c0000000, 0x00000000c6b00000, 0x00000000eab00000)
  object space 109568K, 78% used [0x00000000c0000000,0x00000000c543b300,0x00000000c6b00000)
 Metaspace       used 69605K, committed 70784K, reserved 1114112K
  class space    used 7330K, committed 7872K, reserved 1048576K
}
Event: 345.278 GC heap after
{Heap after GC invocations=56 (full 5):
 PSYoungGen      total 17408K, used 2045K [0x00000000eab00000, 0x00000000ec500000, 0x0000000100000000)
  eden space 15360K, 0% used [0x00000000eab00000,0x00000000eab00000,0x00000000eba00000)
  from space 2048K, 99% used [0x00000000ebd80000,0x00000000ebf7f7a8,0x00000000ebf80000)
  to   space 5632K, 0% used [0x00000000ebf80000,0x00000000ebf80000,0x00000000ec500000)
 ParOldGen       total 109568K, used 88679K [0x00000000c0000000, 0x00000000c6b00000, 0x00000000eab00000)
  object space 109568K, 80% used [0x00000000c0000000,0x00000000c5699ce0,0x00000000c6b00000)
 Metaspace       used 69605K, committed 70784K, reserved 1114112K
  class space    used 7330K, committed 7872K, reserved 1048576K
}
Event: 345.643 GC heap before
{Heap before GC invocations=57 (full 5):
 PSYoungGen      total 17408K, used 17402K [0x00000000eab00000, 0x00000000ec500000, 0x0000000100000000)
  eden space 15360K, 99% used [0x00000000eab00000,0x00000000eb9ff258,0x00000000eba00000)
  from space 2048K, 99% used [0x00000000ebd80000,0x00000000ebf7f7a8,0x00000000ebf80000)
  to   space 5632K, 0% used [0x00000000ebf80000,0x00000000ebf80000,0x00000000ec500000)
 ParOldGen       total 109568K, used 88679K [0x00000000c0000000, 0x00000000c6b00000, 0x00000000eab00000)
  object space 109568K, 80% used [0x00000000c0000000,0x00000000c5699ce0,0x00000000c6b00000)
 Metaspace       used 70071K, committed 71232K, reserved 1114112K
  class space    used 7335K, committed 7872K, reserved 1048576K
}
Event: 345.646 GC heap after
{Heap after GC invocations=57 (full 5):
 PSYoungGen      total 16384K, used 704K [0x00000000eab00000, 0x00000000ec080000, 0x0000000100000000)
  eden space 15360K, 0% used [0x00000000eab00000,0x00000000eab00000,0x00000000eba00000)
  from space 1024K, 68% used [0x00000000ebf80000,0x00000000ec030000,0x00000000ec080000)
  to   space 2560K, 0% used [0x00000000ebb80000,0x00000000ebb80000,0x00000000ebe00000)
 ParOldGen       total 109568K, used 90682K [0x00000000c0000000, 0x00000000c6b00000, 0x00000000eab00000)
  object space 109568K, 82% used [0x00000000c0000000,0x00000000c588ea98,0x00000000c6b00000)
 Metaspace       used 70071K, committed 71232K, reserved 1114112K
  class space    used 7335K, committed 7872K, reserved 1048576K
}
Event: 347.240 GC heap before
{Heap before GC invocations=58 (full 5):
 PSYoungGen      total 16384K, used 16037K [0x00000000eab00000, 0x00000000ec080000, 0x0000000100000000)
  eden space 15360K, 99% used [0x00000000eab00000,0x00000000eb9f9780,0x00000000eba00000)
  from space 1024K, 68% used [0x00000000ebf80000,0x00000000ec030000,0x00000000ec080000)
  to   space 2560K, 0% used [0x00000000ebb80000,0x00000000ebb80000,0x00000000ebe00000)
 ParOldGen       total 109568K, used 90682K [0x00000000c0000000, 0x00000000c6b00000, 0x00000000eab00000)
  object space 109568K, 82% used [0x00000000c0000000,0x00000000c588ea98,0x00000000c6b00000)
 Metaspace       used 71415K, committed 72640K, reserved 1179648K
  class space    used 7471K, committed 8000K, reserved 1048576K
}
Event: 347.241 GC heap after
{Heap after GC invocations=58 (full 5):
 PSYoungGen      total 17920K, used 821K [0x00000000eab00000, 0x00000000ec000000, 0x0000000100000000)
  eden space 15360K, 0% used [0x00000000eab00000,0x00000000eab00000,0x00000000eba00000)
  from space 2560K, 32% used [0x00000000ebb80000,0x00000000ebc4d600,0x00000000ebe00000)
  to   space 1024K, 0% used [0x00000000ebf00000,0x00000000ebf00000,0x00000000ec000000)
 ParOldGen       total 109568K, used 90690K [0x00000000c0000000, 0x00000000c6b00000, 0x00000000eab00000)
  object space 109568K, 82% used [0x00000000c0000000,0x00000000c5890a98,0x00000000c6b00000)
 Metaspace       used 71415K, committed 72640K, reserved 1179648K
  class space    used 7471K, committed 8000K, reserved 1048576K
}
Event: 347.352 GC heap before
{Heap before GC invocations=59 (full 5):
 PSYoungGen      total 17920K, used 16176K [0x00000000eab00000, 0x00000000ec000000, 0x0000000100000000)
  eden space 15360K, 99% used [0x00000000eab00000,0x00000000eb9feba8,0x00000000eba00000)
  from space 2560K, 32% used [0x00000000ebb80000,0x00000000ebc4d600,0x00000000ebe00000)
  to   space 1024K, 0% used [0x00000000ebf00000,0x00000000ebf00000,0x00000000ec000000)
 ParOldGen       total 109568K, used 90690K [0x00000000c0000000, 0x00000000c6b00000, 0x00000000eab00000)
  object space 109568K, 82% used [0x00000000c0000000,0x00000000c5890a98,0x00000000c6b00000)
 Metaspace       used 73137K, committed 74368K, reserved 1179648K
  class space    used 7748K, committed 8320K, reserved 1048576K
}
Event: 347.353 GC heap after
{Heap after GC invocations=59 (full 5):
 PSYoungGen      total 16384K, used 993K [0x00000000eab00000, 0x00000000ec000000, 0x0000000100000000)
  eden space 15360K, 0% used [0x00000000eab00000,0x00000000eab00000,0x00000000eba00000)
  from space 1024K, 96% used [0x00000000ebf00000,0x00000000ebff8470,0x00000000ec000000)
  to   space 1536K, 0% used [0x00000000ebd00000,0x00000000ebd00000,0x00000000ebe80000)
 ParOldGen       total 109568K, used 90751K [0x00000000c0000000, 0x00000000c6b00000, 0x00000000eab00000)
  object space 109568K, 82% used [0x00000000c0000000,0x00000000c589fc90,0x00000000c6b00000)
 Metaspace       used 73137K, committed 74368K, reserved 1179648K
  class space    used 7748K, committed 8320K, reserved 1048576K
}
Event: 354.454 GC heap before
{Heap before GC invocations=60 (full 5):
 PSYoungGen      total 16384K, used 16353K [0x00000000eab00000, 0x00000000ec000000, 0x0000000100000000)
  eden space 15360K, 100% used [0x00000000eab00000,0x00000000eba00000,0x00000000eba00000)
  from space 1024K, 96% used [0x00000000ebf00000,0x00000000ebff8470,0x00000000ec000000)
  to   space 1536K, 0% used [0x00000000ebd00000,0x00000000ebd00000,0x00000000ebe80000)
 ParOldGen       total 109568K, used 90751K [0x00000000c0000000, 0x00000000c6b00000, 0x00000000eab00000)
  object space 109568K, 82% used [0x00000000c0000000,0x00000000c589fc90,0x00000000c6b00000)
 Metaspace       used 74210K, committed 75456K, reserved 1179648K
  class space    used 7868K, committed 8448K, reserved 1048576K
}
Event: 354.456 GC heap after
{Heap after GC invocations=60 (full 5):
 PSYoungGen      total 16896K, used 608K [0x00000000eab00000, 0x00000000ebf80000, 0x0000000100000000)
  eden space 15360K, 0% used [0x00000000eab00000,0x00000000eab00000,0x00000000eba00000)
  from space 1536K, 39% used [0x00000000ebd00000,0x00000000ebd98020,0x00000000ebe80000)
  to   space 1024K, 0% used [0x00000000ebe80000,0x00000000ebe80000,0x00000000ebf80000)
 ParOldGen       total 109568K, used 91485K [0x00000000c0000000, 0x00000000c6b00000, 0x00000000eab00000)
  object space 109568K, 83% used [0x00000000c0000000,0x00000000c59576e8,0x00000000c6b00000)
 Metaspace       used 74210K, committed 75456K, reserved 1179648K
  class space    used 7868K, committed 8448K, reserved 1048576K
}

